<?xml version="1.0" encoding="UTF-8"?>
<beans xmlns="http://www.springframework.org/schema/beans"
       xmlns:xsi="http://www.w3.org/2001/XMLSchema-instance"
       xmlns:context="http://www.springframework.org/schema/context"
       xmlns:jpa="http://www.springframework.org/schema/data/jpa"
       xmlns:tx="http://www.springframework.org/schema/tx"
       xsi:schemaLocation="http://www.springframework.org/schema/beans
                           http://www.springframework.org/schema/beans/spring-beans-3.2.xsd
                           http://www.springframework.org/schema/context
                           http://www.springframework.org/schema/context/spring-context-3.2.xsd
                           http://www.springframework.org/schema/tx
                           http://www.springframework.org/schema/tx/spring-tx-4.0.xsd
                           http://www.springframework.org/schema/data/jpa
                           http://www.springframework.org/schema/data/jpa/spring-jpa.xsd">

    <import resource="classpath:application-context.xml"/>

    <!--<context:annotation-config/>-->
    <!--<context:component-scan base-package="ru.ivan.sqlcmd"/>-->

    <!--<bean id="InMemoryDatabaseManager" class="ru.ivan.sqlcmd.model.InMemoryDatabaseManager"/>-->

    <!--<bean id="service" class="ru.ivan.sqlcmd.service.ServiceImpl">-->
        <!--<lookup-method name="getManager" bean="postgreSQLManager"/>-->
    <!--</bean>-->

    <!--<jpa:repositories base-package="ru.ivan.sqlcmd.model"-->
                      <!--entity-manager-factory-ref="emf"/>-->

    <!--<bean id="emf"-->
          <!--class="org.springframework.orm.jpa.LocalContainerEntityManagerFactoryBean">-->
        <!--<property name="packagesToScan" value="ru.ivan.sqlcmd.model.entity" />-->
        <!--<property name="dataSource" ref="logDataSource" />-->

        <!--<property name="jpaProperties">-->
            <!--<props>-->
                <!--<prop key="hibernate.show_sql">true</prop>-->
                <!--<prop key="format_sql">true</prop>-->
                <!--<prop key="use_sql_comments">true</prop>-->
                <!--<prop key="hibernate.hbm2ddl.auto">validate</prop>-->
                <!--<prop key="hibernate.dialect">org.hibernate.dialect.MySQLDialect</prop>-->
            <!--</props>-->
        <!--</property>-->

        <!--<property name="persistenceProvider">-->
            <!--<bean class="org.hibernate.jpa.HibernatePersistenceProvider"></bean>-->
        <!--</property>-->
    <!--</bean>-->

    <!--<tx:annotation-driven transaction-manager="transactionManager" />-->

    <!--<bean id="transactionManager" class="org.springframework.orm.jpa.JpaTransactionManager">-->
        <!--<property name="dataSource" ref="logDataSource" />-->
    <!--</bean>-->


    <!--<bean id="logDataSource" class="org.apache.commons.dbcp.BasicDataSource" destroy-method="close">-->
        <!--<property name="driverClassName" value="${log.jdbc.driverClassName}"/>-->
        <!--<property name="url" value="${log.jdbc.url}"/>-->
        <!--<property name="username" value="${log.jdbc.username}"/>-->
        <!--<property name="password" value="${log.jdbc.password}"/>-->
    <!--</bean>-->

    <!--<context:property-placeholder location="classpath:log.jdbc.properties"/>-->

</beans>